<?xml version="1.0" encoding="UTF-8"?>
<testng-results ignored="0" total="2" passed="2" failed="0" skipped="0">
  <reporter-output>
  </reporter-output>
  <suite started-at="2025-03-10T19:07:41 IST" name="Suite" finished-at="2025-03-10T19:08:03 IST" duration-ms="21734">
    <groups>
      <group name="regression">
        <method signature="TC_02_SearchTest.search()[pri:1, instance:testCases.TC_02_SearchTest@6b2ea799]" name="search" class="testCases.TC_02_SearchTest"/>
      </group> <!-- regression -->
      <group name="sanity">
        <method signature="TC_01_LoginTest.login()[pri:0, instance:testCases.TC_01_LoginTest@618b19ad]" name="login" class="testCases.TC_01_LoginTest"/>
        <method signature="TC_02_SearchTest.search()[pri:1, instance:testCases.TC_02_SearchTest@6b2ea799]" name="search" class="testCases.TC_02_SearchTest"/>
      </group> <!-- sanity -->
    </groups>
    <test started-at="2025-03-10T19:07:41 IST" name="Test" finished-at="2025-03-10T19:08:03 IST" duration-ms="21734">
      <class name="testCases.TC_01_LoginTest">
        <test-method is-config="true" signature="setup(java.lang.String,java.lang.String)[pri:0, instance:testCases.TC_01_LoginTest@618b19ad]" started-at="2025-03-10T19:07:41 IST" name="setup" finished-at="2025-03-10T19:07:46 IST" duration-ms="4839" status="PASS">
          <params>
            <param index="0">
              <value>
                <![CDATA[windows]]>
              </value>
            </param>
            <param index="1">
              <value>
                <![CDATA[chrome]]>
              </value>
            </param>
          </params>
          <reporter-output>
          </reporter-output>
        </test-method> <!-- setup -->
        <test-method signature="login()[pri:0, instance:testCases.TC_01_LoginTest@618b19ad]" started-at="2025-03-10T19:07:46 IST" name="login" finished-at="2025-03-10T19:07:47 IST" duration-ms="580" status="PASS">
          <reporter-output>
          </reporter-output>
        </test-method> <!-- login -->
        <test-method is-config="true" signature="teardown()[pri:0, instance:testCases.TC_01_LoginTest@618b19ad]" started-at="2025-03-10T19:07:47 IST" name="teardown" finished-at="2025-03-10T19:07:52 IST" duration-ms="5210" status="PASS">
          <reporter-output>
          </reporter-output>
        </test-method> <!-- teardown -->
      </class> <!-- testCases.TC_01_LoginTest -->
      <class name="testCases.TC_02_SearchTest">
        <test-method is-config="true" signature="setup(java.lang.String,java.lang.String)[pri:0, instance:testCases.TC_02_SearchTest@6b2ea799]" started-at="2025-03-10T19:07:52 IST" name="setup" finished-at="2025-03-10T19:07:55 IST" duration-ms="3427" status="PASS">
          <params>
            <param index="0">
              <value>
                <![CDATA[windows]]>
              </value>
            </param>
            <param index="1">
              <value>
                <![CDATA[chrome]]>
              </value>
            </param>
          </params>
          <reporter-output>
          </reporter-output>
        </test-method> <!-- setup -->
        <test-method signature="search()[pri:1, instance:testCases.TC_02_SearchTest@6b2ea799]" started-at="2025-03-10T19:07:55 IST" name="search" finished-at="2025-03-10T19:07:58 IST" duration-ms="2176" status="PASS">
          <reporter-output>
          </reporter-output>
        </test-method> <!-- search -->
        <test-method is-config="true" signature="teardown()[pri:0, instance:testCases.TC_02_SearchTest@6b2ea799]" started-at="2025-03-10T19:07:58 IST" name="teardown" finished-at="2025-03-10T19:08:03 IST" duration-ms="5343" status="PASS">
          <reporter-output>
          </reporter-output>
        </test-method> <!-- teardown -->
      </class> <!-- testCases.TC_02_SearchTest -->
    </test> <!-- Test -->
  </suite> <!-- Suite -->
</testng-results>
